Build started 9/23/2020 7:05:13 PM.
     1>Project "C:\Users\Dell\Documents\Visual Studio 2010\Projects\SpaceInvadersMaster\SpaceInvadersMaster\SpaceInvadersMaster.vcxproj" on node 2 (build target(s)).
     1>InitializeBuildStatus:
         Creating "Debug\SpaceInvadersMaster.unsuccessfulbuild" because "AlwaysCreate" was specified.
       ClCompile:
         C:\Program Files (x86)\Microsoft Visual Studio 10.0\VC\bin\CL.exe /c /ZI /nologo /W3 /WX- /Od /Oy- /D _MBCS /Gm /EHsc /RTC1 /MDd /GS /fp:precise /Zc:wchar_t /Zc:forScope /Fo"Debug\\" /Fd"Debug\vc100.pdb" /Gd /TP /analyze- /errorReport:prompt iMain.cpp
         iMain.cpp
     1>c:\users\dell\documents\visual studio 2010\projects\spaceinvadersmaster\spaceinvadersmaster\imain.cpp(344): warning C4101: 'shockwave' : unreferenced local variable
       Link:
         C:\Program Files (x86)\Microsoft Visual Studio 10.0\VC\bin\link.exe /ERRORREPORT:PROMPT /OUT:"C:\Users\Dell\Documents\Visual Studio 2010\Projects\SpaceInvadersMaster\Debug\SpaceInvadersMaster.exe" /NOLOGO kernel32.lib user32.lib gdi32.lib winspool.lib comdlg32.lib advapi32.lib shell32.lib ole32.lib oleaut32.lib uuid.lib odbc32.lib odbccp32.lib /MANIFEST /ManifestFile:"Debug\SpaceInvadersMaster.exe.intermediate.manifest" /MANIFESTUAC:"level='asInvoker' uiAccess='false'" /DEBUG /PDB:"C:\Users\Dell\Documents\Visual Studio 2010\Projects\SpaceInvadersMaster\Debug\SpaceInvadersMaster.pdb" /TLBID:1 /DYNAMICBASE /NXCOMPAT /IMPLIB:"C:\Users\Dell\Documents\Visual Studio 2010\Projects\SpaceInvadersMaster\Debug\SpaceInvadersMaster.lib" /MACHINE:X86 Debug\iMain.obj
         LINK : C:\Users\Dell\Documents\Visual Studio 2010\Projects\SpaceInvadersMaster\Debug\SpaceInvadersMaster.exe not found or not built by the last incremental link; performing full link
         SpaceInvadersMaster.vcxproj -> C:\Users\Dell\Documents\Visual Studio 2010\Projects\SpaceInvadersMaster\Debug\SpaceInvadersMaster.exe
       Manifest:
         C:\Program Files (x86)\Microsoft SDKs\Windows\v7.0A\bin\mt.exe /nologo /verbose /outputresource:"C:\Users\Dell\Documents\Visual Studio 2010\Projects\SpaceInvadersMaster\Debug\SpaceInvadersMaster.exe;#1" /manifest Debug\SpaceInvadersMaster.exe.intermediate.manifest
       FinalizeBuildStatus:
         Deleting file "Debug\SpaceInvadersMaster.unsuccessfulbuild".
         Touching "Debug\SpaceInvadersMaster.lastbuildstate".
     1>Done Building Project "C:\Users\Dell\Documents\Visual Studio 2010\Projects\SpaceInvadersMaster\SpaceInvadersMaster\SpaceInvadersMaster.vcxproj" (build target(s)).

Build succeeded.

Time Elapsed 00:00:01.84
